{"level":"verbose","message":"GET /","timestamp":"2017-11-19T07:19:09.131Z"}
{"level":"verbose","message":"GET /","timestamp":"2017-11-19T07:19:18.437Z"}
{"level":"verbose","message":"GET /","timestamp":"2017-11-19T07:20:12.686Z"}
{"level":"verbose","message":"GET /","timestamp":"2017-11-19T07:20:14.147Z"}
{"level":"verbose","message":"GET /","timestamp":"2017-11-19T07:23:21.626Z"}
{"level":"verbose","message":"GET /","timestamp":"2018-02-07T06:27:58.090Z"}
{"level":"verbose","message":"GET /","timestamp":"2018-02-07T06:28:41.261Z"}
{"level":"verbose","message":"GET /","timestamp":"2018-02-07T06:28:42.524Z"}
{"level":"verbose","message":"GET /","timestamp":"2018-02-07T06:28:43.342Z"}
{"level":"verbose","message":"GET /","timestamp":"2018-02-07T06:28:44.004Z"}
{"level":"verbose","message":"GET /favicon.ico","timestamp":"2018-02-07T06:28:49.647Z"}
{"level":"verbose","message":"GET /","timestamp":"2018-02-07T06:40:23.997Z"}
{"level":"verbose","message":"GET /","timestamp":"2018-02-07T06:41:01.519Z"}
{"level":"verbose","message":"GET /","timestamp":"2018-02-07T06:41:02.281Z"}
{"level":"verbose","message":"GET /","timestamp":"2018-02-07T06:41:08.351Z"}
{"level":"verbose","message":"GET /","timestamp":"2018-02-07T06:41:19.111Z"}
{"level":"verbose","message":"GET /","timestamp":"2018-02-07T08:33:14.665Z"}
{"level":"verbose","message":"GET /favicon.ico","timestamp":"2018-02-07T08:33:15.303Z"}
{"level":"verbose","message":"GET /","timestamp":"2018-02-07T08:34:15.602Z"}
{"level":"verbose","message":"GET /","timestamp":"2018-02-07T08:35:37.271Z"}
{"level":"verbose","message":"GET /","timestamp":"2018-02-07T08:35:38.050Z"}
{"level":"verbose","message":"GET /","timestamp":"2018-02-07T08:35:40.064Z"}
{"level":"verbose","message":"GET /","timestamp":"2018-02-07T08:36:03.690Z"}
{"level":"verbose","message":"GET /","timestamp":"2018-02-07T08:39:08.055Z"}
{"level":"verbose","message":"GET /","timestamp":"2018-02-07T08:40:06.854Z"}
{"level":"verbose","message":"GET /","timestamp":"2018-02-07T08:42:59.002Z"}
{"level":"verbose","message":"GET /","timestamp":"2018-02-07T08:43:38.526Z"}
{"level":"verbose","message":"GET /","timestamp":"2018-02-07T08:47:49.940Z"}
{"level":"verbose","message":"GET /","timestamp":"2018-02-07T08:47:51.434Z"}
{"level":"verbose","message":"GET /","timestamp":"2018-02-07T08:50:05.696Z"}
{"level":"verbose","message":"GET /","timestamp":"2018-02-07T08:50:07.966Z"}
{"level":"verbose","message":"GET /","timestamp":"2018-02-07T08:50:19.028Z"}
{"level":"verbose","message":"GET /","timestamp":"2018-02-07T08:50:38.143Z"}
{"level":"verbose","message":"GET /","timestamp":"2018-02-07T08:50:39.214Z"}
{"level":"verbose","message":"GET /","timestamp":"2018-02-07T08:55:23.828Z"}
{"level":"verbose","message":"GET /","timestamp":"2018-02-07T08:55:24.901Z"}
{"level":"verbose","message":"GET /","timestamp":"2018-02-07T08:55:25.513Z"}
{"level":"verbose","message":"GET /","timestamp":"2018-02-07T08:55:26.079Z"}
{"level":"verbose","message":"GET /","timestamp":"2018-02-07T08:57:23.687Z"}
{"level":"verbose","message":"GET /","timestamp":"2018-02-07T08:57:25.373Z"}
{"level":"verbose","message":"GET /","timestamp":"2018-02-07T08:57:26.043Z"}
{"level":"verbose","message":"GET /","timestamp":"2018-02-07T08:57:26.587Z"}
{"level":"verbose","message":"GET /","timestamp":"2018-02-07T08:57:27.051Z"}
{"level":"verbose","message":"GET /","timestamp":"2018-02-07T08:57:27.498Z"}
{"level":"verbose","message":"GET /","timestamp":"2018-02-07T08:57:29.888Z"}
{"level":"verbose","message":"GET /","timestamp":"2018-02-07T08:57:30.658Z"}
{"level":"verbose","message":"GET /","timestamp":"2018-02-07T08:57:31.322Z"}
{"level":"verbose","message":"GET /","timestamp":"2018-02-07T08:57:31.995Z"}
{"level":"verbose","message":"GET /","timestamp":"2018-02-07T08:57:32.795Z"}
{"level":"verbose","message":"GET /","timestamp":"2018-02-07T08:57:33.366Z"}
{"level":"verbose","message":"GET /","timestamp":"2018-02-07T08:57:40.283Z"}
{"level":"verbose","message":"GET /","timestamp":"2018-02-07T08:57:41.006Z"}
{"level":"verbose","message":"GET /","timestamp":"2018-02-07T08:57:41.578Z"}
{"level":"verbose","message":"GET /","timestamp":"2018-02-07T08:57:42.166Z"}
{"level":"verbose","message":"GET /","timestamp":"2018-02-07T08:57:42.917Z"}
{"level":"verbose","message":"GET /","timestamp":"2018-02-07T08:57:46.228Z"}
{"level":"verbose","message":"GET /","timestamp":"2018-02-07T08:57:47.794Z"}
{"level":"verbose","message":"GET /","timestamp":"2018-02-07T08:57:48.337Z"}
{"level":"verbose","message":"GET /","timestamp":"2018-02-07T08:57:49.625Z"}
{"level":"verbose","message":"GET /","timestamp":"2018-02-07T08:57:50.839Z"}
{"level":"verbose","message":"GET /","timestamp":"2018-02-07T08:57:51.609Z"}
{"level":"verbose","message":"GET /","timestamp":"2018-02-07T08:57:52.138Z"}
{"level":"verbose","message":"GET /","timestamp":"2018-02-08T03:11:40.756Z"}
{"level":"verbose","message":"GET /","timestamp":"2018-02-08T03:11:42.323Z"}
{"level":"verbose","message":"GET /","timestamp":"2018-02-08T03:11:43.587Z"}
{"level":"verbose","message":"GET /","timestamp":"2018-02-08T03:11:44.446Z"}
{"level":"verbose","message":"GET /","timestamp":"2018-02-08T03:11:58.356Z"}
{"level":"verbose","message":"GET /","timestamp":"2018-02-08T03:12:05.179Z"}
{"level":"verbose","message":"GET /","timestamp":"2018-02-08T03:12:06.769Z"}
{"level":"verbose","message":"GET /","timestamp":"2018-02-08T03:12:08.298Z"}
{"level":"verbose","message":"GET /","timestamp":"2018-02-08T03:12:09.146Z"}
{"level":"verbose","message":"GET /","timestamp":"2018-02-08T03:17:21.401Z"}
{"level":"verbose","message":"GET /","timestamp":"2018-02-08T03:17:22.855Z"}
{"level":"verbose","message":"GET /","timestamp":"2018-02-08T03:17:23.919Z"}
{"level":"verbose","message":"GET /","timestamp":"2018-02-08T03:17:24.698Z"}
{"level":"verbose","message":"GET /","timestamp":"2018-02-08T03:17:25.396Z"}
{"level":"verbose","message":"GET /","timestamp":"2018-02-08T03:17:26.015Z"}
{"level":"verbose","message":"GET /","timestamp":"2018-02-08T03:17:28.677Z"}
{"level":"verbose","message":"GET /","timestamp":"2018-02-08T03:17:29.677Z"}
{"level":"verbose","message":"GET /","timestamp":"2018-02-08T03:17:30.238Z"}
{"level":"verbose","message":"GET /","timestamp":"2018-02-08T03:17:31.754Z"}
{"level":"verbose","message":"GET /","timestamp":"2018-02-08T03:17:32.849Z"}
{"level":"verbose","message":"GET /","timestamp":"2018-02-08T03:17:40.201Z"}
{"level":"verbose","message":"GET /","timestamp":"2018-02-08T03:17:40.791Z"}
{"level":"verbose","message":"GET /","timestamp":"2018-02-08T03:17:42.303Z"}
{"level":"verbose","message":"GET /","timestamp":"2018-02-08T03:17:43.246Z"}
{"level":"verbose","message":"GET /","timestamp":"2018-02-08T03:17:43.838Z"}
{"level":"verbose","message":"GET /","timestamp":"2018-02-08T03:18:26.169Z"}
{"level":"verbose","message":"GET /","timestamp":"2018-02-08T03:19:00.166Z"}
{"level":"verbose","message":"GET /","timestamp":"2018-02-08T03:19:01.264Z"}
{"level":"verbose","message":"GET /","timestamp":"2018-02-08T03:19:02.474Z"}
{"level":"verbose","message":"GET /","timestamp":"2018-02-08T03:19:06.561Z"}
{"level":"verbose","message":"GET /","timestamp":"2018-02-08T03:19:07.309Z"}
{"level":"verbose","message":"GET /","timestamp":"2018-02-08T03:19:07.970Z"}
{"level":"verbose","message":"GET /","timestamp":"2018-02-08T03:19:08.574Z"}
{"level":"verbose","message":"GET /","timestamp":"2018-02-08T03:19:09.087Z"}
{"level":"verbose","message":"GET /","timestamp":"2018-02-08T03:19:12.080Z"}
{"level":"verbose","message":"GET /","timestamp":"2018-02-08T03:19:13.207Z"}
{"level":"verbose","message":"GET /","timestamp":"2018-02-08T03:19:14.524Z"}
{"level":"verbose","message":"GET /","timestamp":"2018-02-08T03:19:15.524Z"}
{"level":"verbose","message":"GET /","timestamp":"2018-02-08T03:19:16.226Z"}
{"level":"verbose","message":"GET /","timestamp":"2018-02-08T03:19:18.559Z"}
{"level":"verbose","message":"GET /","timestamp":"2018-02-08T03:19:19.726Z"}
{"level":"verbose","message":"GET /","timestamp":"2018-02-08T03:19:23.316Z"}
{"level":"verbose","message":"GET /","timestamp":"2018-02-08T03:19:27.270Z"}
{"level":"verbose","message":"GET /","timestamp":"2018-02-08T03:19:28.090Z"}
{"level":"verbose","message":"GET /","timestamp":"2018-02-08T03:19:28.791Z"}
{"level":"verbose","message":"GET /","timestamp":"2018-02-08T06:34:29.628Z"}
{"level":"verbose","message":"GET /","timestamp":"2018-02-08T06:34:43.527Z"}
{"level":"verbose","message":"GET /","timestamp":"2018-02-08T06:34:45.597Z"}
{"level":"verbose","message":"GET /","timestamp":"2018-02-08T06:34:48.645Z"}
{"level":"verbose","message":"GET /","timestamp":"2018-02-08T06:36:36.497Z"}
{"level":"verbose","message":"GET /","timestamp":"2018-02-08T06:36:38.256Z"}
{"level":"verbose","message":"GET /","timestamp":"2018-02-08T06:36:38.961Z"}
{"level":"verbose","message":"GET /","timestamp":"2018-02-08T06:36:39.785Z"}
{"level":"verbose","message":"GET /","timestamp":"2018-02-08T06:36:40.564Z"}
{"level":"verbose","message":"GET /","timestamp":"2018-02-08T06:38:16.589Z"}
{"level":"verbose","message":"GET /","timestamp":"2018-02-08T06:38:17.550Z"}
{"level":"verbose","message":"GET /","timestamp":"2018-02-08T06:38:18.243Z"}
{"level":"verbose","message":"GET /","timestamp":"2018-02-08T06:38:18.874Z"}
{"level":"verbose","message":"GET /","timestamp":"2018-02-08T06:38:19.484Z"}
{"level":"verbose","message":"GET /","timestamp":"2018-02-08T06:38:20.146Z"}
{"level":"verbose","message":"GET /","timestamp":"2018-02-08T06:38:20.673Z"}
{"level":"verbose","message":"GET /","timestamp":"2018-02-08T06:38:33.234Z"}
{"level":"verbose","message":"GET /","timestamp":"2018-02-08T06:38:34.162Z"}
{"level":"verbose","message":"GET /","timestamp":"2018-02-08T06:38:38.914Z"}
{"level":"verbose","message":"GET /","timestamp":"2018-02-08T06:39:30.728Z"}
{"level":"verbose","message":"GET /","timestamp":"2018-02-08T06:39:31.712Z"}
{"level":"verbose","message":"GET /","timestamp":"2018-02-08T06:39:32.379Z"}
{"level":"verbose","message":"GET /","timestamp":"2018-02-08T06:39:35.971Z"}
{"level":"verbose","message":"GET /","timestamp":"2018-02-08T06:39:39.452Z"}
{"level":"verbose","message":"GET /","timestamp":"2018-02-08T06:39:40.347Z"}
{"level":"verbose","message":"GET /","timestamp":"2018-02-08T06:39:40.897Z"}
{"level":"verbose","message":"GET /","timestamp":"2018-02-08T06:40:06.461Z"}
{"level":"verbose","message":"GET /","timestamp":"2018-02-08T06:40:07.329Z"}
{"level":"verbose","message":"GET /","timestamp":"2018-02-08T06:40:07.903Z"}
{"level":"verbose","message":"GET /","timestamp":"2018-02-08T06:40:14.108Z"}
{"level":"verbose","message":"GET /","timestamp":"2018-02-08T06:40:14.810Z"}
{"level":"verbose","message":"GET /","timestamp":"2018-02-08T06:40:15.361Z"}
{"level":"verbose","message":"GET /","timestamp":"2018-02-08T06:40:15.877Z"}
{"level":"verbose","message":"GET /","timestamp":"2018-02-08T06:40:16.318Z"}
{"level":"verbose","message":"GET /","timestamp":"2018-02-08T06:40:16.797Z"}
{"level":"verbose","message":"GET /","timestamp":"2018-02-08T06:41:09.064Z"}
{"level":"verbose","message":"GET /","timestamp":"2018-02-08T06:41:10.484Z"}
{"level":"verbose","message":"GET /","timestamp":"2018-02-08T06:41:35.853Z"}
{"level":"verbose","message":"GET /","timestamp":"2018-02-08T06:41:38.154Z"}
{"level":"verbose","message":"GET /","timestamp":"2018-02-08T06:41:38.937Z"}
{"level":"verbose","message":"GET /","timestamp":"2018-02-08T06:41:39.996Z"}
{"level":"verbose","message":"GET /","timestamp":"2018-02-08T06:41:40.771Z"}
{"level":"verbose","message":"GET /","timestamp":"2018-02-08T06:43:39.930Z"}
{"level":"verbose","message":"GET /","timestamp":"2018-02-08T06:43:41.235Z"}
{"level":"verbose","message":"GET /","timestamp":"2018-02-08T06:43:42.266Z"}
{"level":"verbose","message":"GET /","timestamp":"2018-02-08T06:43:43.006Z"}
{"level":"verbose","message":"GET /","timestamp":"2018-02-08T06:43:50.712Z"}
{"level":"verbose","message":"GET /","timestamp":"2018-02-08T06:44:24.024Z"}
{"level":"verbose","message":"GET /","timestamp":"2018-02-08T06:44:26.927Z"}
{"level":"verbose","message":"GET /","timestamp":"2018-02-08T13:30:50.380Z"}
{"level":"verbose","message":"GET /","timestamp":"2018-02-08T13:30:53.062Z"}
{"level":"verbose","message":"GET /","timestamp":"2018-02-08T13:31:20.087Z"}
{"level":"verbose","message":"GET /","timestamp":"2018-02-08T14:26:58.757Z"}
{"level":"verbose","message":"GET /","timestamp":"2018-02-08T14:26:59.915Z"}
{"level":"verbose","message":"GET /","timestamp":"2018-02-08T14:27:01.025Z"}
{"level":"verbose","message":"GET /","timestamp":"2018-02-08T14:27:01.792Z"}
{"level":"verbose","message":"GET /","timestamp":"2018-02-08T14:29:04.826Z"}
{"level":"verbose","message":"GET /","timestamp":"2018-02-08T14:29:10.286Z"}
{"level":"verbose","message":"GET /","timestamp":"2018-02-08T14:29:11.237Z"}
{"level":"verbose","message":"GET /","timestamp":"2018-02-08T14:29:11.922Z"}
{"level":"verbose","message":"GET /","timestamp":"2018-02-08T14:29:12.557Z"}
{"level":"verbose","message":"GET /","timestamp":"2018-02-08T14:29:13.206Z"}
{"level":"verbose","message":"GET /","timestamp":"2018-02-08T14:29:13.767Z"}
{"level":"verbose","message":"GET /","timestamp":"2018-02-08T14:29:14.303Z"}
{"level":"verbose","message":"GET /","timestamp":"2018-02-08T14:29:17.421Z"}
{"level":"verbose","message":"GET /","timestamp":"2018-02-08T14:29:34.521Z"}
{"level":"verbose","message":"GET /","timestamp":"2018-02-08T14:29:35.419Z"}
{"level":"verbose","message":"GET /","timestamp":"2018-02-08T14:29:44.888Z"}
{"level":"verbose","message":"GET /","timestamp":"2018-02-08T14:29:45.737Z"}
{"level":"verbose","message":"GET /","timestamp":"2018-02-08T14:29:46.344Z"}
{"level":"verbose","message":"GET /","timestamp":"2018-02-08T14:30:13.934Z"}
{"level":"verbose","message":"GET /","timestamp":"2018-02-08T14:30:14.837Z"}
{"level":"verbose","message":"GET /","timestamp":"2018-02-08T14:30:15.510Z"}
{"level":"verbose","message":"GET /","timestamp":"2018-02-08T14:30:16.611Z"}
{"level":"verbose","message":"GET /","timestamp":"2018-02-08T14:30:20.328Z"}
{"level":"verbose","message":"GET /","timestamp":"2018-02-08T14:30:32.985Z"}
{"level":"verbose","message":"GET /","timestamp":"2018-02-08T14:33:53.092Z"}
{"level":"verbose","message":"GET /","timestamp":"2018-02-08T14:33:54.117Z"}
{"level":"verbose","message":"GET /","timestamp":"2018-02-08T14:33:56.830Z"}
{"level":"verbose","message":"GET /","timestamp":"2018-02-08T14:33:59.021Z"}
{"level":"verbose","message":"GET /","timestamp":"2018-02-08T14:35:51.196Z"}
{"level":"verbose","message":"GET /","timestamp":"2018-02-08T14:35:52.171Z"}
{"level":"verbose","message":"GET /","timestamp":"2018-02-08T14:35:52.937Z"}
{"level":"verbose","message":"GET /about","timestamp":"2018-02-08T14:36:03.460Z"}
{"level":"verbose","message":"GET /","timestamp":"2018-02-08T14:36:05.690Z"}
{"level":"verbose","message":"GET /","timestamp":"2018-02-08T14:36:08.702Z"}
{"level":"verbose","message":"GET /","timestamp":"2018-02-08T14:36:09.357Z"}
{"level":"verbose","message":"GET /","timestamp":"2018-02-08T14:36:10.033Z"}
{"level":"verbose","message":"GET /","timestamp":"2018-02-08T14:36:10.765Z"}
{"level":"verbose","message":"GET /","timestamp":"2018-02-08T15:13:18.589Z"}
{"level":"verbose","message":"GET /","timestamp":"2018-02-08T15:13:20.146Z"}
{"level":"verbose","message":"GET /about","timestamp":"2018-02-08T15:13:21.293Z"}
{"level":"verbose","message":"GET /","timestamp":"2018-02-08T15:13:25.116Z"}
{"level":"verbose","message":"GET /","timestamp":"2018-02-08T15:13:25.845Z"}
{"level":"verbose","message":"GET /","timestamp":"2018-02-08T15:13:26.529Z"}
{"level":"verbose","message":"GET /","timestamp":"2018-02-08T15:13:30.412Z"}
{"level":"verbose","message":"GET /","timestamp":"2018-02-08T15:13:34.117Z"}
{"level":"verbose","message":"GET /","timestamp":"2018-02-08T15:13:35.578Z"}
{"level":"verbose","message":"GET /","timestamp":"2018-02-08T15:15:31.904Z"}
{"level":"verbose","message":"GET /","timestamp":"2018-02-08T15:15:33.201Z"}
{"level":"verbose","message":"GET /","timestamp":"2018-02-08T15:15:42.252Z"}
{"level":"verbose","message":"GET /","timestamp":"2018-02-08T15:17:36.045Z"}
{"level":"verbose","message":"GET /","timestamp":"2018-02-08T15:19:28.217Z"}
{"level":"verbose","message":"GET /","timestamp":"2018-02-08T15:19:29.602Z"}
{"level":"verbose","message":"GET /","timestamp":"2018-02-08T15:19:30.289Z"}
{"level":"verbose","message":"GET /","timestamp":"2018-02-08T15:19:31.097Z"}
{"level":"verbose","message":"GET /","timestamp":"2018-02-08T15:19:31.818Z"}
{"level":"verbose","message":"GET /","timestamp":"2018-02-08T15:19:32.475Z"}
{"level":"verbose","message":"GET /","timestamp":"2018-02-08T15:19:33.186Z"}
{"level":"verbose","message":"GET /","timestamp":"2018-02-08T15:19:33.885Z"}
{"level":"verbose","message":"GET /","timestamp":"2018-02-08T15:19:34.592Z"}
{"level":"verbose","message":"GET /","timestamp":"2018-02-08T15:19:35.266Z"}
{"level":"verbose","message":"GET /","timestamp":"2018-02-08T15:19:35.942Z"}
{"level":"verbose","message":"GET /","timestamp":"2018-02-08T15:19:36.628Z"}
{"level":"verbose","message":"GET /","timestamp":"2018-02-08T15:19:37.329Z"}
{"level":"verbose","message":"GET /","timestamp":"2018-02-08T15:19:38.041Z"}
{"level":"verbose","message":"GET /","timestamp":"2018-02-08T15:19:38.780Z"}
{"level":"verbose","message":"GET /","timestamp":"2018-02-08T15:19:39.608Z"}
{"level":"verbose","message":"GET /","timestamp":"2018-02-08T15:19:40.280Z"}
{"level":"verbose","message":"GET /","timestamp":"2018-02-08T15:19:51.021Z"}
{"level":"verbose","message":"GET /","timestamp":"2018-02-08T15:19:52.924Z"}
{"level":"verbose","message":"GET /","timestamp":"2018-02-08T15:28:46.858Z"}
{"level":"verbose","message":"GET /","timestamp":"2018-02-08T15:28:50.798Z"}
{"level":"verbose","message":"GET /","timestamp":"2018-02-08T15:35:39.765Z"}
{"level":"verbose","message":"GET /","timestamp":"2018-02-08T15:40:06.498Z"}
{"level":"verbose","message":"GET /","timestamp":"2018-02-08T15:40:24.972Z"}
{"level":"verbose","message":"GET /","timestamp":"2018-02-08T15:40:26.255Z"}
{"level":"verbose","message":"GET /","timestamp":"2018-02-08T15:41:14.005Z"}
{"level":"verbose","message":"GET /","timestamp":"2018-02-08T15:41:15.361Z"}
{"level":"verbose","message":"GET /","timestamp":"2018-02-08T15:41:16.128Z"}
{"level":"verbose","message":"GET /","timestamp":"2018-02-08T15:41:16.928Z"}
{"level":"verbose","message":"GET /","timestamp":"2018-02-08T15:41:18.187Z"}
{"level":"verbose","message":"GET /","timestamp":"2018-02-08T15:41:18.781Z"}
{"level":"verbose","message":"GET /","timestamp":"2018-02-08T15:41:26.538Z"}
{"level":"verbose","message":"GET /","timestamp":"2018-02-08T15:41:27.690Z"}
{"level":"verbose","message":"GET /","timestamp":"2018-02-08T15:41:28.339Z"}
{"level":"verbose","message":"GET /","timestamp":"2018-02-08T15:41:28.962Z"}
{"level":"verbose","message":"GET /","timestamp":"2018-02-08T15:41:29.547Z"}
{"level":"verbose","message":"GET /","timestamp":"2018-02-08T15:41:30.091Z"}
{"level":"verbose","message":"GET /","timestamp":"2018-02-08T15:41:30.626Z"}
{"level":"verbose","message":"GET /","timestamp":"2018-02-08T15:41:31.409Z"}
{"level":"verbose","message":"GET /","timestamp":"2018-02-08T15:41:49.212Z"}
{"level":"verbose","message":"GET /","timestamp":"2018-02-08T15:41:50.125Z"}
{"level":"verbose","message":"GET /","timestamp":"2018-02-08T15:41:50.878Z"}
{"level":"verbose","message":"GET /","timestamp":"2018-02-08T15:41:51.586Z"}
{"level":"verbose","message":"GET /","timestamp":"2018-02-08T15:43:14.833Z"}
{"level":"verbose","message":"GET /","timestamp":"2018-02-08T15:43:52.705Z"}
{"level":"verbose","message":"GET /","timestamp":"2018-02-08T15:43:53.873Z"}
{"level":"verbose","message":"GET /","timestamp":"2018-02-08T15:43:54.717Z"}
{"level":"verbose","message":"GET /","timestamp":"2018-02-08T15:44:52.682Z"}
{"level":"verbose","message":"GET /","timestamp":"2018-02-08T15:44:53.682Z"}
{"level":"verbose","message":"GET /","timestamp":"2018-02-08T15:46:22.798Z"}
{"level":"verbose","message":"GET /","timestamp":"2018-02-08T15:48:26.435Z"}
{"level":"verbose","message":"GET /","timestamp":"2018-02-08T15:48:29.776Z"}
{"level":"verbose","message":"GET /","timestamp":"2018-02-08T15:48:31.353Z"}
{"level":"verbose","message":"GET /","timestamp":"2018-02-08T15:48:32.641Z"}
{"level":"verbose","message":"GET /","timestamp":"2018-02-08T15:48:37.610Z"}
{"level":"verbose","message":"GET /","timestamp":"2018-02-08T15:48:38.731Z"}
{"level":"verbose","message":"GET /","timestamp":"2018-02-08T15:49:27.691Z"}
{"level":"verbose","message":"GET /","timestamp":"2018-02-08T15:49:28.560Z"}
{"level":"verbose","message":"GET /","timestamp":"2018-02-08T15:50:10.666Z"}
{"level":"verbose","message":"GET /","timestamp":"2018-02-08T15:50:12.865Z"}
{"level":"verbose","message":"GET /","timestamp":"2018-02-08T15:50:16.514Z"}
{"level":"verbose","message":"GET /","timestamp":"2018-02-08T15:50:17.578Z"}
{"level":"verbose","message":"GET /","timestamp":"2018-02-08T15:50:19.921Z"}
{"level":"verbose","message":"GET /","timestamp":"2018-02-08T15:50:22.823Z"}
{"level":"verbose","message":"GET /","timestamp":"2018-02-08T15:50:26.602Z"}
{"level":"verbose","message":"GET /","timestamp":"2018-02-08T15:50:29.745Z"}
{"level":"verbose","message":"GET /","timestamp":"2018-02-08T15:50:36.753Z"}
{"level":"verbose","message":"GET /","timestamp":"2018-02-08T15:51:15.359Z"}
{"level":"verbose","message":"GET /","timestamp":"2018-02-08T15:51:16.569Z"}
{"level":"verbose","message":"GET /","timestamp":"2018-02-08T15:51:17.373Z"}
{"level":"verbose","message":"GET /","timestamp":"2018-02-08T15:56:49.277Z"}
{"level":"verbose","message":"GET /","timestamp":"2018-02-08T15:56:50.298Z"}
{"level":"verbose","message":"GET /","timestamp":"2018-02-08T15:56:51.190Z"}
{"level":"verbose","message":"GET /","timestamp":"2018-02-08T15:56:51.835Z"}
{"level":"verbose","message":"GET /","timestamp":"2018-02-08T15:56:53.499Z"}
{"level":"verbose","message":"GET /","timestamp":"2018-02-08T15:56:54.299Z"}
{"level":"verbose","message":"GET /","timestamp":"2018-02-08T16:00:02.109Z"}
{"level":"verbose","message":"GET /","timestamp":"2018-02-08T16:00:03.476Z"}
{"level":"verbose","message":"GET /","timestamp":"2018-02-08T16:00:04.444Z"}
{"level":"verbose","message":"GET /","timestamp":"2018-02-08T16:00:12.573Z"}
{"level":"verbose","message":"GET /","timestamp":"2018-02-08T16:01:48.446Z"}
{"level":"verbose","message":"GET /","timestamp":"2018-02-08T16:01:49.549Z"}
{"level":"verbose","message":"GET /","timestamp":"2018-02-08T16:01:50.828Z"}
{"level":"verbose","message":"GET /","timestamp":"2018-02-08T16:01:51.588Z"}
{"level":"verbose","message":"GET /","timestamp":"2018-02-08T16:01:52.582Z"}
{"level":"verbose","message":"GET /","timestamp":"2018-02-08T16:01:54.070Z"}
{"level":"verbose","message":"GET /","timestamp":"2018-02-08T16:01:57.636Z"}
{"level":"verbose","message":"GET /","timestamp":"2018-02-09T07:57:10.605Z"}
{"level":"verbose","message":"GET /","timestamp":"2018-02-09T07:57:12.001Z"}
{"level":"verbose","message":"GET /a","timestamp":"2018-02-09T07:57:15.036Z"}
{"level":"verbose","message":"GET /","timestamp":"2018-02-09T07:57:16.736Z"}
{"level":"verbose","message":"GET /","timestamp":"2018-02-09T07:57:17.726Z"}
{"level":"verbose","message":"GET /","timestamp":"2018-02-11T09:29:01.508Z"}
{"level":"verbose","message":"GET /assets/css/bootstrap.min.css","timestamp":"2018-02-11T09:29:02.128Z"}
{"level":"verbose","message":"GET /assets/css/bootstrap.min.css","timestamp":"2018-02-11T09:29:03.960Z"}
{"level":"verbose","message":"GET /","timestamp":"2018-02-11T09:29:29.788Z"}
{"level":"verbose","message":"GET /assets/css/bootstrap.min.css","timestamp":"2018-02-11T09:29:29.946Z"}
{"level":"verbose","message":"GET /","timestamp":"2018-02-11T09:29:37.175Z"}
{"level":"verbose","message":"GET /assets/css/bootstrap.min.css","timestamp":"2018-02-11T09:29:37.210Z"}
{"level":"verbose","message":"GET /assets/css/bootstrap.min.css","timestamp":"2018-02-11T09:30:10.836Z"}
{"level":"verbose","message":"GET /","timestamp":"2018-02-11T09:34:59.868Z"}
{"level":"verbose","message":"GET /assets/css/bootstrap.min.css","timestamp":"2018-02-11T09:35:00.007Z"}
{"level":"verbose","message":"GET /","timestamp":"2018-02-11T09:35:01.070Z"}
{"level":"verbose","message":"GET /assets/css/bootstrap.min.css","timestamp":"2018-02-11T09:35:01.104Z"}
{"level":"verbose","message":"GET /","timestamp":"2018-02-11T09:39:50.226Z"}
{"level":"verbose","message":"GET /","timestamp":"2018-02-11T09:39:51.596Z"}
{"level":"verbose","message":"GET /","timestamp":"2018-02-11T09:43:25.313Z"}
{"level":"verbose","message":"GET /","timestamp":"2018-02-11T09:43:28.841Z"}
{"level":"verbose","message":"GET /","timestamp":"2018-02-11T09:43:29.721Z"}
{"level":"verbose","message":"GET /","timestamp":"2018-02-11T09:43:30.550Z"}
{"level":"verbose","message":"GET /","timestamp":"2018-02-11T09:43:31.036Z"}
{"level":"verbose","message":"GET /","timestamp":"2018-02-11T09:43:31.439Z"}
{"level":"verbose","message":"GET /","timestamp":"2018-02-11T09:43:31.878Z"}
{"level":"verbose","message":"GET /","timestamp":"2018-02-11T09:43:32.295Z"}
{"level":"verbose","message":"GET /","timestamp":"2018-02-11T09:56:21.613Z"}
{"level":"verbose","message":"GET /","timestamp":"2018-02-11T09:56:23.499Z"}
{"level":"verbose","message":"GET /","timestamp":"2018-02-11T09:56:44.869Z"}
{"level":"verbose","message":"GET /","timestamp":"2018-02-11T09:56:47.658Z"}
{"level":"verbose","message":"GET /","timestamp":"2018-02-11T09:56:48.417Z"}
{"level":"verbose","message":"GET /","timestamp":"2018-02-11T09:56:49.024Z"}
{"level":"verbose","message":"GET /","timestamp":"2018-02-11T09:57:31.515Z"}
{"level":"verbose","message":"GET /","timestamp":"2018-02-11T09:57:33.693Z"}
{"level":"verbose","message":"GET /public/assets/js/index.min.js","timestamp":"2018-02-11T10:02:06.487Z"}
{"level":"verbose","message":"GET /","timestamp":"2018-02-11T10:02:29.458Z"}
{"level":"verbose","message":"GET /","timestamp":"2018-02-11T10:02:38.286Z"}
{"level":"verbose","message":"GET /","timestamp":"2018-02-11T10:09:30.121Z"}
{"level":"verbose","message":"GET /main.js","timestamp":"2018-02-11T10:09:31.855Z"}
{"level":"verbose","message":"GET /","timestamp":"2018-02-11T10:10:07.072Z"}
{"level":"verbose","message":"GET /","timestamp":"2018-02-11T13:34:23.931Z"}
{"level":"verbose","message":"GET /","timestamp":"2018-02-11T13:39:51.197Z"}
{"level":"verbose","message":"GET /127.0.0.1/assets/js/index.min.js","timestamp":"2018-02-11T13:39:53.633Z"}
{"level":"verbose","message":"GET /","timestamp":"2018-02-11T13:40:24.736Z"}
{"level":"verbose","message":"GET /","timestamp":"2018-02-11T13:41:00.188Z"}
{"level":"verbose","message":"GET /127.0.0.1/assets/js/index.min.js","timestamp":"2018-02-11T13:41:03.142Z"}
{"level":"verbose","message":"GET /","timestamp":"2018-02-11T13:41:41.741Z"}
{"level":"verbose","message":"GET /127.0.0.1/index.min.js","timestamp":"2018-02-11T13:41:43.783Z"}
{"level":"verbose","message":"GET /","timestamp":"2018-02-11T13:41:47.846Z"}
{"level":"verbose","message":"GET /","timestamp":"2018-02-11T13:41:49.214Z"}
{"level":"verbose","message":"GET /","timestamp":"2018-02-11T13:41:50.124Z"}
{"level":"verbose","message":"GET /","timestamp":"2018-02-11T13:41:52.822Z"}
{"level":"verbose","message":"GET /","timestamp":"2018-02-11T13:41:54.093Z"}
{"level":"verbose","message":"GET /127.0.0.1/index.min.js","timestamp":"2018-02-11T13:41:54.863Z"}
{"level":"verbose","message":"GET /","timestamp":"2018-02-11T13:42:05.461Z"}
{"level":"verbose","message":"GET /127.0.0.1/assets/js/index.min.js","timestamp":"2018-02-11T13:42:06.735Z"}
{"level":"verbose","message":"GET /","timestamp":"2018-02-11T13:42:36.621Z"}
{"level":"verbose","message":"GET /","timestamp":"2018-02-11T13:43:20.841Z"}
{"level":"verbose","message":"GET /","timestamp":"2018-02-11T13:43:22.421Z"}
{"level":"verbose","message":"GET /","timestamp":"2018-02-11T13:43:58.589Z"}
{"level":"verbose","message":"GET /","timestamp":"2018-02-11T13:44:29.040Z"}
{"level":"verbose","message":"GET /","timestamp":"2018-02-11T13:44:48.243Z"}
{"level":"verbose","message":"GET /","timestamp":"2018-02-11T13:46:37.432Z"}
{"level":"verbose","message":"GET /","timestamp":"2018-02-11T13:46:41.976Z"}
{"level":"verbose","message":"GET /","timestamp":"2018-02-11T13:46:43.275Z"}
{"level":"verbose","message":"GET /","timestamp":"2018-02-11T13:46:44.631Z"}
{"level":"verbose","message":"GET /","timestamp":"2018-02-11T13:46:45.836Z"}
{"level":"verbose","message":"GET /","timestamp":"2018-02-11T13:46:46.712Z"}
{"level":"verbose","message":"GET /","timestamp":"2018-02-11T13:46:47.361Z"}
{"level":"verbose","message":"GET /","timestamp":"2018-02-11T13:47:07.691Z"}
{"level":"verbose","message":"GET /","timestamp":"2018-02-11T13:47:08.715Z"}
{"level":"verbose","message":"GET /","timestamp":"2018-02-11T13:47:09.518Z"}
{"level":"verbose","message":"GET /","timestamp":"2018-02-11T13:47:10.505Z"}
{"level":"verbose","message":"GET /","timestamp":"2018-02-11T13:47:12.485Z"}
{"level":"verbose","message":"GET /","timestamp":"2018-02-11T13:47:14.310Z"}
{"level":"verbose","message":"GET /","timestamp":"2018-02-11T13:47:15.018Z"}
{"level":"verbose","message":"GET /","timestamp":"2018-02-11T13:47:15.612Z"}
{"level":"verbose","message":"GET /","timestamp":"2018-02-11T13:47:38.621Z"}
{"level":"verbose","message":"GET /","timestamp":"2018-02-11T13:47:45.648Z"}
{"level":"verbose","message":"GET /","timestamp":"2018-02-11T13:47:46.989Z"}
{"level":"verbose","message":"GET /","timestamp":"2018-02-11T13:47:48.017Z"}
{"level":"verbose","message":"GET /","timestamp":"2018-02-11T13:47:48.988Z"}
{"level":"verbose","message":"GET /","timestamp":"2018-02-11T13:47:49.688Z"}
{"level":"verbose","message":"GET /","timestamp":"2018-02-11T13:47:50.328Z"}
{"level":"verbose","message":"GET /","timestamp":"2018-02-11T13:47:51.145Z"}
{"level":"verbose","message":"GET /","timestamp":"2018-02-11T13:47:51.851Z"}
{"level":"verbose","message":"GET /","timestamp":"2018-02-11T13:47:52.701Z"}
{"level":"verbose","message":"GET /","timestamp":"2018-02-11T13:47:53.287Z"}
{"level":"verbose","message":"GET /","timestamp":"2018-02-11T13:47:54.481Z"}
{"level":"verbose","message":"GET /","timestamp":"2018-02-11T13:47:55.067Z"}
{"level":"verbose","message":"GET /","timestamp":"2018-02-11T13:47:55.834Z"}
{"level":"verbose","message":"GET /","timestamp":"2018-02-11T13:48:21.129Z"}
{"level":"verbose","message":"GET /","timestamp":"2018-02-11T13:48:27.512Z"}
{"level":"verbose","message":"GET /","timestamp":"2018-02-11T13:48:28.538Z"}
{"level":"verbose","message":"GET /","timestamp":"2018-02-11T13:48:29.229Z"}
{"level":"verbose","message":"GET /","timestamp":"2018-02-11T13:48:29.887Z"}
{"level":"verbose","message":"GET /","timestamp":"2018-02-11T13:48:30.505Z"}
{"level":"verbose","message":"GET /","timestamp":"2018-02-11T13:48:35.781Z"}
{"level":"verbose","message":"GET /","timestamp":"2018-02-11T13:48:36.540Z"}
{"level":"verbose","message":"GET /","timestamp":"2018-02-11T13:48:37.085Z"}
{"level":"verbose","message":"GET /","timestamp":"2018-02-11T13:48:37.638Z"}
{"level":"verbose","message":"GET /","timestamp":"2018-02-11T13:48:38.171Z"}
{"level":"verbose","message":"GET /","timestamp":"2018-02-11T13:48:38.668Z"}
{"level":"verbose","message":"GET /","timestamp":"2018-02-11T13:48:39.123Z"}
{"level":"verbose","message":"GET /","timestamp":"2018-02-11T13:48:40.134Z"}
{"level":"verbose","message":"GET /","timestamp":"2018-02-11T13:48:40.777Z"}
{"level":"verbose","message":"GET /","timestamp":"2018-02-11T13:48:41.359Z"}
{"level":"verbose","message":"GET /","timestamp":"2018-02-11T13:48:41.990Z"}
{"level":"verbose","message":"GET /","timestamp":"2018-02-11T13:48:42.575Z"}
{"level":"verbose","message":"GET /","timestamp":"2018-02-11T13:48:43.975Z"}
{"level":"verbose","message":"GET /","timestamp":"2018-02-11T13:48:44.607Z"}
{"level":"verbose","message":"GET /about","timestamp":"2018-02-11T13:48:45.235Z"}
{"level":"verbose","message":"GET /about","timestamp":"2018-02-11T13:48:46.939Z"}
{"level":"verbose","message":"GET /about","timestamp":"2018-02-11T13:48:47.886Z"}
{"level":"verbose","message":"GET /about","timestamp":"2018-02-11T13:48:48.702Z"}
{"level":"verbose","message":"GET /about","timestamp":"2018-02-11T13:48:49.380Z"}
{"level":"verbose","message":"GET /","timestamp":"2018-02-11T13:48:50.863Z"}
{"level":"verbose","message":"GET /","timestamp":"2018-02-11T13:48:51.641Z"}
{"level":"verbose","message":"GET /","timestamp":"2018-02-11T13:48:52.230Z"}
{"level":"verbose","message":"GET /","timestamp":"2018-02-11T13:48:52.841Z"}
{"level":"verbose","message":"GET /","timestamp":"2018-02-11T13:49:12.895Z"}
{"level":"verbose","message":"GET /","timestamp":"2018-02-11T13:49:13.694Z"}
{"level":"verbose","message":"GET /","timestamp":"2018-02-11T13:49:14.284Z"}
{"level":"verbose","message":"GET /","timestamp":"2018-02-11T13:50:36.309Z"}
{"level":"verbose","message":"GET /","timestamp":"2018-02-11T13:50:37.390Z"}
{"level":"verbose","message":"GET /","timestamp":"2018-02-11T13:50:40.952Z"}
{"level":"verbose","message":"GET /","timestamp":"2018-02-11T13:50:47.279Z"}
{"level":"verbose","message":"GET /","timestamp":"2018-02-11T13:50:48.521Z"}
{"level":"verbose","message":"GET /","timestamp":"2018-02-11T13:50:52.285Z"}
{"level":"verbose","message":"GET /","timestamp":"2018-02-11T13:50:53.130Z"}
{"level":"verbose","message":"GET /","timestamp":"2018-02-11T13:50:53.747Z"}
{"level":"verbose","message":"GET /","timestamp":"2018-02-11T13:50:54.296Z"}
{"level":"verbose","message":"GET /","timestamp":"2018-02-11T13:52:15.913Z"}
{"level":"verbose","message":"GET /","timestamp":"2018-02-11T13:52:17.032Z"}
{"level":"verbose","message":"GET /","timestamp":"2018-02-11T13:52:17.984Z"}
{"level":"verbose","message":"GET /","timestamp":"2018-02-11T13:52:18.654Z"}
{"level":"verbose","message":"GET /","timestamp":"2018-02-11T13:52:19.183Z"}
{"level":"verbose","message":"GET /","timestamp":"2018-02-11T13:52:20.425Z"}
{"level":"verbose","message":"GET /","timestamp":"2018-02-11T13:52:21.184Z"}
{"level":"verbose","message":"GET /","timestamp":"2018-02-11T13:52:25.425Z"}
{"level":"verbose","message":"GET /","timestamp":"2018-02-11T13:52:54.752Z"}
{"level":"verbose","message":"GET /","timestamp":"2018-02-11T13:52:55.695Z"}
{"level":"verbose","message":"GET /","timestamp":"2018-02-11T13:55:22.181Z"}
{"level":"verbose","message":"GET /","timestamp":"2018-02-11T13:59:09.586Z"}
{"level":"verbose","message":"GET /","timestamp":"2018-02-11T14:02:00.475Z"}
{"level":"verbose","message":"GET /","timestamp":"2018-02-11T14:02:01.593Z"}
{"level":"verbose","message":"GET /","timestamp":"2018-02-11T14:02:45.086Z"}
{"level":"verbose","message":"GET /","timestamp":"2018-02-11T14:02:46.111Z"}
{"level":"verbose","message":"GET /","timestamp":"2018-02-11T14:03:21.149Z"}
{"level":"verbose","message":"GET /","timestamp":"2018-02-11T14:03:22.302Z"}
{"level":"verbose","message":"GET /","timestamp":"2018-02-11T14:03:23.006Z"}
{"level":"verbose","message":"GET /","timestamp":"2018-02-11T14:03:25.807Z"}
{"level":"verbose","message":"GET /","timestamp":"2018-02-11T14:03:26.589Z"}
{"level":"verbose","message":"GET /","timestamp":"2018-02-11T14:03:27.508Z"}
{"level":"verbose","message":"GET /","timestamp":"2018-02-11T14:03:28.174Z"}
{"level":"verbose","message":"GET /","timestamp":"2018-02-11T14:03:28.745Z"}
{"level":"verbose","message":"GET /","timestamp":"2018-02-11T14:03:29.455Z"}
{"level":"verbose","message":"GET /","timestamp":"2018-02-11T14:03:38.425Z"}
{"level":"verbose","message":"GET /","timestamp":"2018-02-11T14:03:39.429Z"}
{"level":"verbose","message":"GET /","timestamp":"2018-02-11T14:03:40.001Z"}
{"level":"verbose","message":"GET /","timestamp":"2018-02-11T14:03:48.284Z"}
{"level":"verbose","message":"GET /","timestamp":"2018-02-11T14:03:48.949Z"}
{"level":"verbose","message":"GET /","timestamp":"2018-02-11T14:03:49.639Z"}
{"level":"verbose","message":"GET /","timestamp":"2018-02-11T14:03:50.302Z"}
{"level":"verbose","message":"GET /","timestamp":"2018-02-11T14:03:50.983Z"}
{"level":"verbose","message":"GET /","timestamp":"2018-02-11T14:04:32.267Z"}
{"level":"verbose","message":"GET /","timestamp":"2018-02-11T14:06:08.725Z"}
{"level":"verbose","message":"GET /","timestamp":"2018-02-11T14:06:20.946Z"}
{"level":"verbose","message":"GET /","timestamp":"2018-02-11T14:08:36.455Z"}
{"level":"verbose","message":"GET /","timestamp":"2018-02-11T14:08:37.661Z"}
{"level":"verbose","message":"GET /","timestamp":"2018-02-11T14:08:59.253Z"}
{"level":"verbose","message":"GET /","timestamp":"2018-02-11T14:09:00.192Z"}
{"level":"verbose","message":"GET /","timestamp":"2018-02-11T14:09:00.836Z"}
{"level":"verbose","message":"GET /","timestamp":"2018-02-11T14:09:47.507Z"}
{"level":"verbose","message":"GET /","timestamp":"2018-02-11T14:09:48.467Z"}
{"level":"verbose","message":"GET /","timestamp":"2018-02-11T14:09:49.244Z"}
{"level":"verbose","message":"GET /","timestamp":"2018-02-11T14:09:51.916Z"}
{"level":"verbose","message":"GET /","timestamp":"2018-02-11T14:09:52.714Z"}
{"level":"verbose","message":"GET /","timestamp":"2018-02-11T14:09:53.515Z"}
{"level":"verbose","message":"GET /","timestamp":"2018-02-11T14:09:54.242Z"}
{"level":"verbose","message":"GET /","timestamp":"2018-02-11T14:09:54.947Z"}
{"level":"verbose","message":"GET /","timestamp":"2018-02-11T14:09:55.937Z"}
{"level":"verbose","message":"GET /","timestamp":"2018-02-11T14:10:26.137Z"}
{"level":"verbose","message":"GET /","timestamp":"2018-02-11T14:10:27.127Z"}
{"level":"verbose","message":"GET /","timestamp":"2018-02-11T14:10:27.937Z"}
{"level":"verbose","message":"GET /","timestamp":"2018-02-11T14:10:39.819Z"}
{"level":"verbose","message":"GET /","timestamp":"2018-02-11T14:11:09.332Z"}
{"level":"verbose","message":"GET /","timestamp":"2018-02-11T14:11:10.563Z"}
{"level":"verbose","message":"GET /","timestamp":"2018-02-11T14:11:11.420Z"}
{"level":"verbose","message":"GET /","timestamp":"2018-02-11T14:11:12.811Z"}
{"level":"verbose","message":"GET /","timestamp":"2018-02-11T14:11:13.619Z"}
{"level":"verbose","message":"GET /","timestamp":"2018-02-11T14:11:14.316Z"}
{"level":"verbose","message":"GET /","timestamp":"2018-02-11T14:12:04.057Z"}
{"level":"verbose","message":"GET /","timestamp":"2018-02-11T14:12:05.033Z"}
{"level":"verbose","message":"GET /","timestamp":"2018-02-11T14:12:05.788Z"}
{"level":"verbose","message":"GET /","timestamp":"2018-02-11T14:12:06.517Z"}
{"level":"verbose","message":"GET /","timestamp":"2018-02-11T14:12:07.256Z"}
{"level":"verbose","message":"GET /","timestamp":"2018-02-11T14:12:08.073Z"}
{"level":"verbose","message":"GET /","timestamp":"2018-02-11T14:12:11.215Z"}
{"level":"verbose","message":"GET /","timestamp":"2018-02-11T14:12:11.990Z"}
{"level":"verbose","message":"GET /","timestamp":"2018-02-11T14:13:11.561Z"}
{"level":"verbose","message":"GET /","timestamp":"2018-02-11T14:13:12.559Z"}
{"level":"verbose","message":"GET /","timestamp":"2018-02-11T14:13:13.320Z"}
{"level":"verbose","message":"GET /","timestamp":"2018-02-11T14:13:14.138Z"}
{"level":"verbose","message":"GET /","timestamp":"2018-02-11T14:13:15.114Z"}
{"level":"verbose","message":"GET /","timestamp":"2018-02-11T14:13:15.720Z"}
{"level":"verbose","message":"GET /","timestamp":"2018-02-11T14:13:16.376Z"}
{"level":"verbose","message":"GET /","timestamp":"2018-02-11T14:13:17.017Z"}
{"level":"verbose","message":"GET /","timestamp":"2018-02-11T14:13:18.234Z"}
{"level":"verbose","message":"GET /","timestamp":"2018-02-11T14:13:18.952Z"}
{"level":"verbose","message":"GET /","timestamp":"2018-02-11T14:13:19.510Z"}
{"level":"verbose","message":"GET /","timestamp":"2018-02-11T14:13:20.210Z"}
{"level":"verbose","message":"GET /","timestamp":"2018-02-11T14:13:44.601Z"}
{"level":"verbose","message":"GET /","timestamp":"2018-02-11T14:13:45.705Z"}
{"level":"verbose","message":"GET /","timestamp":"2018-02-11T14:13:46.663Z"}
{"level":"verbose","message":"GET /","timestamp":"2018-02-11T14:13:47.407Z"}
{"level":"verbose","message":"GET /","timestamp":"2018-02-11T14:14:18.826Z"}
{"level":"verbose","message":"GET /","timestamp":"2018-02-11T14:14:20.290Z"}
{"level":"verbose","message":"GET /","timestamp":"2018-02-11T14:14:21.129Z"}
{"level":"verbose","message":"GET /","timestamp":"2018-02-11T14:14:21.945Z"}
{"level":"verbose","message":"GET /","timestamp":"2018-02-11T14:14:30.382Z"}
{"level":"verbose","message":"GET /","timestamp":"2018-02-11T14:14:31.489Z"}
{"level":"verbose","message":"GET /","timestamp":"2018-02-11T14:14:32.711Z"}
{"level":"verbose","message":"GET /","timestamp":"2018-02-11T14:14:33.833Z"}
{"level":"verbose","message":"GET /","timestamp":"2018-02-11T14:14:35.218Z"}
{"level":"verbose","message":"GET /","timestamp":"2018-02-11T14:15:29.727Z"}
{"level":"verbose","message":"GET /","timestamp":"2018-02-11T14:15:31.086Z"}
{"level":"verbose","message":"GET /","timestamp":"2018-02-11T14:15:31.959Z"}
{"level":"verbose","message":"GET /","timestamp":"2018-02-11T14:15:32.808Z"}
{"level":"verbose","message":"GET /","timestamp":"2018-02-11T14:15:33.782Z"}
{"level":"verbose","message":"GET /","timestamp":"2018-02-11T14:16:00.581Z"}
{"level":"verbose","message":"GET /","timestamp":"2018-02-11T14:16:01.837Z"}
{"level":"verbose","message":"GET /","timestamp":"2018-02-11T14:16:02.862Z"}
{"level":"verbose","message":"GET /","timestamp":"2018-02-11T14:16:03.646Z"}
{"level":"verbose","message":"GET /","timestamp":"2018-02-11T14:16:37.633Z"}
{"level":"verbose","message":"GET /","timestamp":"2018-02-11T14:16:39.515Z"}
{"level":"verbose","message":"GET /","timestamp":"2018-02-11T14:17:56.507Z"}
{"level":"verbose","message":"GET /","timestamp":"2018-02-11T14:17:57.440Z"}
{"level":"verbose","message":"GET /","timestamp":"2018-02-11T14:17:58.184Z"}
{"level":"verbose","message":"GET /","timestamp":"2018-02-11T14:17:59.944Z"}
{"level":"verbose","message":"GET /","timestamp":"2018-02-11T14:18:00.864Z"}
{"level":"verbose","message":"GET /","timestamp":"2018-02-12T02:35:37.333Z"}
{"level":"verbose","message":"GET /","timestamp":"2018-02-12T02:49:07.097Z"}
{"level":"verbose","message":"GET /","timestamp":"2018-02-12T02:49:08.342Z"}
{"level":"verbose","message":"GET /","timestamp":"2018-02-12T03:01:37.673Z"}
{"level":"verbose","message":"GET /","timestamp":"2018-02-12T03:03:32.724Z"}
{"level":"verbose","message":"GET /","timestamp":"2018-02-12T03:03:34.292Z"}
{"level":"verbose","message":"GET /","timestamp":"2018-02-12T03:03:35.380Z"}
{"level":"verbose","message":"GET /","timestamp":"2018-02-12T03:03:36.854Z"}
{"level":"verbose","message":"GET /","timestamp":"2018-02-12T03:04:06.087Z"}
{"level":"verbose","message":"GET /","timestamp":"2018-02-12T03:04:07.397Z"}
{"level":"verbose","message":"GET /","timestamp":"2018-02-12T03:05:52.143Z"}
